[2023-05-25 23:16:51,765] multiqc                                            [DEBUG  ]  This is MultiQC v1.13
[2023-05-25 23:16:51,766] multiqc                                            [DEBUG  ]  Command used: /shared/ifbstor1/software/miniconda/envs/multiqc-1.13/bin/multiqc --force --title lhohmann sample sub-set ../data/merged_pairs/ ./fastqc/ ./lhohmann_flash2.log ./bowtie/
[2023-05-25 23:16:52,265] multiqc                                            [WARNING]  MultiQC Version v1.14 now available!
[2023-05-25 23:16:52,265] multiqc                                            [DEBUG  ]  Working dir : /shared/ifbstor1/projects/2314_medbioinfo/lennart/MedBioinfo/analyses
[2023-05-25 23:16:52,265] multiqc                                            [DEBUG  ]  Template    : default
[2023-05-25 23:16:52,265] multiqc                                            [DEBUG  ]  Running Python 3.10.6 | packaged by conda-forge | (main, Aug 22 2022, 20:36:39) [GCC 10.4.0]
[2023-05-25 23:16:52,266] multiqc                                            [INFO   ]  Report title: lhohmann sample sub-set
[2023-05-25 23:16:52,266] multiqc                                            [DEBUG  ]  Analysing modules: custom_content, ccs, ngsderive, purple, conpair, lima, peddy, somalier, methylQA, mosdepth, phantompeakqualtools, qualimap, preseq, quast, qorts, rna_seqc, rockhopper, rsem, rseqc, busco, bustools, goleft_indexcov, gffcompare, disambiguate, supernova, deeptools, sargasso, verifybamid, mirtrace, happy, mirtop, sambamba, homer, hops, macs2, theta2, snpeff, gatk, htseq, bcftools, featureCounts, fgbio, dragen, dedup, pbmarkdup, damageprofiler, biobambam2, jcvi, mtnucratio, picard, vep, sentieon, prokka, qc3C, nanostat, samblaster, samtools, sexdeterrmine, eigenstratdatabasetools, bamtools, jellyfish, vcftools, longranger, stacks, varscan2, snippy, bbmap, bismark, biscuit, hicexplorer, hicup, hicpro, salmon, kallisto, slamdunk, star, hisat2, tophat, bowtie2, bowtie1, snpsplit, odgi, pangolin, kat, leehom, adapterRemoval, clipandmerge, cutadapt, flexbar, kaiju, kraken, malt, trimmomatic, sickle, skewer, sortmerna, biobloomtools, fastq_screen, afterqc, fastp, fastqc, pychopper, pycoqc, minionqc, multivcfanalyzer, clusterflow, checkqc, bcl2fastq, bclconvert, interop, ivar, flash, seqyclean, optitype, whatshap
[2023-05-25 23:16:52,266] multiqc                                            [DEBUG  ]  Using temporary directory for creating report: /tmp/tmp6hr7tn43
[2023-05-25 23:16:52,571] multiqc                                            [INFO   ]  Search path : /shared/ifbstor1/projects/2314_medbioinfo/lennart/MedBioinfo/data/merged_pairs
[2023-05-25 23:16:52,571] multiqc                                            [INFO   ]  Search path : /shared/ifbstor1/projects/2314_medbioinfo/lennart/MedBioinfo/analyses/fastqc
[2023-05-25 23:16:52,571] multiqc                                            [INFO   ]  Search path : /shared/ifbstor1/projects/2314_medbioinfo/lennart/MedBioinfo/analyses/lhohmann_flash2.log
[2023-05-25 23:16:52,571] multiqc                                            [INFO   ]  Search path : /shared/ifbstor1/projects/2314_medbioinfo/lennart/MedBioinfo/analyses/bowtie
[2023-05-25 23:16:56,281] multiqc                                            [DEBUG  ]  Summary of files that were skipped by the search: [skipped_module_specific_max_filesize: 221] // [skipped_no_match: 50] // [skipped_ignore_pattern: 26]
[2023-05-25 23:16:58,503] multiqc.plots.bargraph                             [DEBUG  ]  Using matplotlib version 3.6.1
[2023-05-25 23:16:58,505] multiqc.plots.linegraph                            [DEBUG  ]  Using matplotlib version 3.6.1
[2023-05-25 23:16:58,507] multiqc                                            [DEBUG  ]  No samples found: custom_content
[2023-05-25 23:16:58,519] multiqc.modules.bowtie2.bowtie2                    [INFO   ]  Found 2 reports
[2023-05-25 23:16:59,087] multiqc.modules.fastqc.fastqc                      [INFO   ]  Found 16 reports
[2023-05-25 23:16:59,224] multiqc.modules.flash.flash                        [INFO   ]  Found 8 log reports
[2023-05-25 23:16:59,231] multiqc.modules.flash.flash                        [INFO   ]  Found 8 histogram reports
[2023-05-25 23:16:59,265] multiqc                                            [INFO   ]  Compressing plot data
[2023-05-25 23:16:59,621] multiqc                                            [INFO   ]  Report      : lhohmann-sample-sub-set_multiqc_report.html
[2023-05-25 23:16:59,622] multiqc                                            [INFO   ]  Data        : lhohmann-sample-sub-set_multiqc_report_data
[2023-05-25 23:16:59,622] multiqc                                            [DEBUG  ]  Moving data file from '/tmp/tmp6hr7tn43/multiqc_data' to '/shared/ifbstor1/projects/2314_medbioinfo/lennart/MedBioinfo/analyses/lhohmann-sample-sub-set_multiqc_report_data'
[2023-05-25 23:16:59,766] multiqc                                            [INFO   ]  MultiQC complete
