srun: job 33549916 queued and waiting for resources
srun: job 33549916 has been allocated resources
[FLASH] Starting FLASH v2.2.00
[FLASH] Fast Length Adjustment of SHort reads
[FLASH]  
[FLASH] Input files:
[FLASH]     ../data/sra_fastq/ERR6913183_1.fastq.gz
[FLASH]     ../data/sra_fastq/ERR6913183_2.fastq.gz
[FLASH]  
[FLASH] Output files:
[FLASH]     ../data/merged_pairs//ERR6913183.flash.extendedFrags.fastq.gz
[FLASH]     ../data/merged_pairs//ERR6913183.flash.notCombined_1.fastq.gz
[FLASH]     ../data/merged_pairs//ERR6913183.flash.notCombined_2.fastq.gz
[FLASH]     ../data/merged_pairs//ERR6913183.flash.hist
[FLASH]     ../data/merged_pairs//ERR6913183.flash.histogram
[FLASH]  
[FLASH] Parameters:
[FLASH]     Min overlap:           10
[FLASH]     Min overlap outie:     35
[FLASH]     Max overlap:           65
[FLASH]     Max mismatch density:  0.250000
[FLASH]     Allow "outie" pairs:   true
[FLASH]     Cap mismatch quals:    false
[FLASH]     Combiner threads:      2
[FLASH]     Input format:          FASTQ, phred_offset=33
[FLASH]     Output format:         FASTQ, phred_offset=33, gzip
[FLASH]  
[FLASH] Starting reader and writer threads
[FLASH] Starting 2 combiner threads
[FLASH] Processed 25000 read pairs
[FLASH] Processed 50000 read pairs
[FLASH] Processed 75000 read pairs
[FLASH] Processed 100000 read pairs
[FLASH] Processed 125000 read pairs
[FLASH] Processed 150000 read pairs
[FLASH] Processed 175000 read pairs
[FLASH] Processed 200000 read pairs
[FLASH] Processed 225000 read pairs
[FLASH] Processed 250000 read pairs
[FLASH] Processed 275000 read pairs
[FLASH] Processed 300000 read pairs
[FLASH] Processed 325000 read pairs
[FLASH] Processed 350000 read pairs
[FLASH] Processed 375000 read pairs
[FLASH] Processed 400000 read pairs
[FLASH] Processed 425000 read pairs
[FLASH] Processed 450000 read pairs
[FLASH] Processed 475000 read pairs
[FLASH] Processed 500000 read pairs
[FLASH] Processed 525000 read pairs
[FLASH] Processed 550000 read pairs
[FLASH] Processed 575000 read pairs
[FLASH] Processed 600000 read pairs
[FLASH] Processed 625000 read pairs
[FLASH] Processed 650000 read pairs
[FLASH] Processed 675000 read pairs
[FLASH] Processed 700000 read pairs
[FLASH] Processed 725000 read pairs
[FLASH] Processed 750000 read pairs
[FLASH] Processed 775000 read pairs
[FLASH] Processed 800000 read pairs
[FLASH] Processed 825000 read pairs
[FLASH] Processed 850000 read pairs
[FLASH] Processed 875000 read pairs
[FLASH] Processed 900000 read pairs
[FLASH] Processed 925000 read pairs
[FLASH] Processed 950000 read pairs
[FLASH] Processed 975000 read pairs
[FLASH] Processed 1000000 read pairs
[FLASH] Processed 1025000 read pairs
[FLASH] Processed 1050000 read pairs
[FLASH] Processed 1075000 read pairs
[FLASH] Processed 1100000 read pairs
[FLASH] Processed 1105520 read pairs
[FLASH]  
[FLASH] Read combination statistics:
[FLASH]     Total pairs:       1105520
[FLASH]     Discarded pairs:   0
[FLASH]     Percent Discarded: 0.00%
[FLASH]     Combined pairs:    701555
[FLASH]         Innie pairs:   700723 (99.88% of combined)
[FLASH]         Outie pairs:   832 (0.12% of combined)
[FLASH]     Uncombined pairs:  403965
[FLASH]     Percent combined:  63.46%
[FLASH]  
[FLASH] Writing histogram files.
[FLASH] WARNING: An unexpectedly high proportion of combined pairs (78.66%)
overlapped by more than 65 bp, the --max-overlap (-M) parameter.  Consider
increasing this parameter.  (As-is, FLASH is penalizing overlaps longer than
65 bp when considering them for possible combining!)
[FLASH]  
[FLASH] FLASH v2.2.00 complete!
[FLASH] 49.458 seconds elapsed
[FLASH] Finished with 1 warning (see above)
srun: job 33550020 queued and waiting for resources
srun: job 33550020 has been allocated resources
[FLASH] Starting FLASH v2.2.00
[FLASH] Fast Length Adjustment of SHort reads
[FLASH]  
[FLASH] Input files:
[FLASH]     ../data/sra_fastq/ERR6913183_1.fastq.gz
[FLASH]     ../data/sra_fastq/ERR6913183_2.fastq.gz
[FLASH]  
[FLASH] Output files:
[FLASH]     ../data/merged_pairs//ERR6913183.flash.extendedFrags.fastq.gz
[FLASH]     ../data/merged_pairs//ERR6913183.flash.notCombined_1.fastq.gz
[FLASH]     ../data/merged_pairs//ERR6913183.flash.notCombined_2.fastq.gz
[FLASH]     ../data/merged_pairs//ERR6913183.flash.hist
[FLASH]     ../data/merged_pairs//ERR6913183.flash.histogram
[FLASH]  
[FLASH] Parameters:
[FLASH]     Min overlap:           10
[FLASH]     Min overlap outie:     35
[FLASH]     Max overlap:           65
[FLASH]     Max mismatch density:  0.250000
[FLASH]     Allow "outie" pairs:   true
[FLASH]     Cap mismatch quals:    false
[FLASH]     Combiner threads:      2
[FLASH]     Input format:          FASTQ, phred_offset=33
[FLASH]     Output format:         FASTQ, phred_offset=33, gzip
[FLASH]  
[FLASH] Starting reader and writer threads
[FLASH] Starting 2 combiner threads
[FLASH] Processed 25000 read pairs
[FLASH] Processed 50000 read pairs
[FLASH] Processed 75000 read pairs
[FLASH] Processed 100000 read pairs
[FLASH] Processed 125000 read pairs
[FLASH] Processed 150000 read pairs
[FLASH] Processed 175000 read pairs
[FLASH] Processed 200000 read pairs
[FLASH] Processed 225000 read pairs
[FLASH] Processed 250000 read pairs
[FLASH] Processed 275000 read pairs
[FLASH] Processed 300000 read pairs
[FLASH] Processed 325000 read pairs
[FLASH] Processed 350000 read pairs
[FLASH] Processed 375000 read pairs
[FLASH] Processed 400000 read pairs
[FLASH] Processed 425000 read pairs
[FLASH] Processed 450000 read pairs
[FLASH] Processed 475000 read pairs
[FLASH] Processed 500000 read pairs
[FLASH] Processed 525000 read pairs
[FLASH] Processed 550000 read pairs
[FLASH] Processed 575000 read pairs
[FLASH] Processed 600000 read pairs
[FLASH] Processed 625000 read pairs
[FLASH] Processed 650000 read pairs
[FLASH] Processed 675000 read pairs
[FLASH] Processed 700000 read pairs
[FLASH] Processed 725000 read pairs
[FLASH] Processed 750000 read pairs
[FLASH] Processed 775000 read pairs
[FLASH] Processed 800000 read pairs
[FLASH] Processed 825000 read pairs
[FLASH] Processed 850000 read pairs
[FLASH] Processed 875000 read pairs
[FLASH] Processed 900000 read pairs
[FLASH] Processed 925000 read pairs
[FLASH] Processed 950000 read pairs
[FLASH] Processed 975000 read pairs
[FLASH] Processed 1000000 read pairs
[FLASH] Processed 1025000 read pairs
[FLASH] Processed 1050000 read pairs
[FLASH] Processed 1075000 read pairs
[FLASH] Processed 1100000 read pairs
[FLASH] Processed 1105520 read pairs
[FLASH]  
[FLASH] Read combination statistics:
[FLASH]     Total pairs:       1105520
[FLASH]     Discarded pairs:   0
[FLASH]     Percent Discarded: 0.00%
[FLASH]     Combined pairs:    701555
[FLASH]         Innie pairs:   700723 (99.88% of combined)
[FLASH]         Outie pairs:   832 (0.12% of combined)
[FLASH]     Uncombined pairs:  403965
[FLASH]     Percent combined:  63.46%
[FLASH]  
[FLASH] Writing histogram files.
[FLASH]  
[FLASH] FLASH v2.2.00 complete!
[FLASH] WARNING: An unexpectedly high proportion of combined pairs (78.66%)
overlapped by more than 65 bp, the --max-overlap (-M) parameter.  Consider
increasing this parameter.  (As-is, FLASH is penalizing overlaps longer than
65 bp when considering them for possible combining!)
[FLASH] 60.114 seconds elapsed
[FLASH] Finished with 1 warning (see above)
[FLASH] Starting FLASH v2.2.00
[FLASH] Fast Length Adjustment of SHort reads
[FLASH]  
[FLASH] Input files:
[FLASH]     ../data/sra_fastq/ERR6913279_1.fastq.gz
[FLASH]     ../data/sra_fastq/ERR6913279_2.fastq.gz
[FLASH]  
[FLASH] Output files:
[FLASH]     ../data/merged_pairs//ERR6913279.flash.extendedFrags.fastq.gz
[FLASH]     ../data/merged_pairs//ERR6913279.flash.notCombined_1.fastq.gz
[FLASH]     ../data/merged_pairs//ERR6913279.flash.notCombined_2.fastq.gz
[FLASH]     ../data/merged_pairs//ERR6913279.flash.hist
[FLASH]     ../data/merged_pairs//ERR6913279.flash.histogram
[FLASH]  
[FLASH] Parameters:
[FLASH]     Min overlap:           10
[FLASH]     Min overlap outie:     35
[FLASH]     Max overlap:           65
[FLASH]     Max mismatch density:  0.250000
[FLASH]     Allow "outie" pairs:   true
[FLASH]     Cap mismatch quals:    false
[FLASH]     Combiner threads:      2
[FLASH]     Input format:          FASTQ, phred_offset=33
[FLASH]     Output format:         FASTQ, phred_offset=33, gzip
[FLASH]  
[FLASH] Starting reader and writer threads
[FLASH] Starting 2 combiner threads
[FLASH] Processed 25000 read pairs
[FLASH] Processed 50000 read pairs
[FLASH] Processed 75000 read pairs
[FLASH] Processed 100000 read pairs
[FLASH] Processed 125000 read pairs
[FLASH] Processed 150000 read pairs
[FLASH] Processed 175000 read pairs
[FLASH] Processed 200000 read pairs
[FLASH] Processed 225000 read pairs
[FLASH] Processed 250000 read pairs
[FLASH] Processed 275000 read pairs
[FLASH] Processed 300000 read pairs
[FLASH] Processed 325000 read pairs
[FLASH] Processed 350000 read pairs
[FLASH] Processed 375000 read pairs
[FLASH] Processed 400000 read pairs
[FLASH] Processed 425000 read pairs
[FLASH] Processed 450000 read pairs
[FLASH] Processed 475000 read pairs
[FLASH] Processed 500000 read pairs
[FLASH] Processed 525000 read pairs
[FLASH] Processed 550000 read pairs
[FLASH] Processed 575000 read pairs
[FLASH] Processed 600000 read pairs
[FLASH] Processed 625000 read pairs
[FLASH] Processed 650000 read pairs
[FLASH] Processed 675000 read pairs
[FLASH] Processed 700000 read pairs
[FLASH] Processed 725000 read pairs
[FLASH] Processed 750000 read pairs
[FLASH] Processed 775000 read pairs
[FLASH] Processed 800000 read pairs
[FLASH] Processed 825000 read pairs
[FLASH] Processed 850000 read pairs
[FLASH] Processed 875000 read pairs
[FLASH] Processed 900000 read pairs
[FLASH] Processed 925000 read pairs
[FLASH] Processed 950000 read pairs
[FLASH] Processed 975000 read pairs
[FLASH] Processed 1000000 read pairs
[FLASH] Processed 1025000 read pairs
[FLASH] Processed 1050000 read pairs
[FLASH] Processed 1075000 read pairs
[FLASH] Processed 1100000 read pairs
[FLASH] Processed 1125000 read pairs
[FLASH] Processed 1150000 read pairs
[FLASH] Processed 1175000 read pairs
[FLASH] Processed 1200000 read pairs
[FLASH] Processed 1225000 read pairs
[FLASH] Processed 1250000 read pairs
[FLASH] Processed 1275000 read pairs
[FLASH] Processed 1300000 read pairs
[FLASH] Processed 1325000 read pairs
[FLASH] Processed 1350000 read pairs
[FLASH] Processed 1375000 read pairs
[FLASH] Processed 1400000 read pairs
[FLASH] Processed 1425000 read pairs
[FLASH] Processed 1450000 read pairs
[FLASH] Processed 1475000 read pairs
[FLASH] Processed 1500000 read pairs
[FLASH] Processed 1512887 read pairs
[FLASH]  
[FLASH] Read combination statistics:
[FLASH]     Total pairs:       1512887
[FLASH]     Discarded pairs:   0
[FLASH]     Percent Discarded: 0.00%
[FLASH]     Combined pairs:    1264842
[FLASH]         Innie pairs:   1263523 (99.90% of combined)
[FLASH]         Outie pairs:   1319 (0.10% of combined)
[FLASH]     Uncombined pairs:  248045
[FLASH]     Percent combined:  83.60%
[FLASH]  
[FLASH] Writing histogram files.
[FLASH] WARNING: An unexpectedly high proportion of combined pairs (83.54%)
overlapped by more than 65 bp, the --max-overlap (-M) parameter.  Consider
increasing this parameter.  (As-is, FLASH is penalizing overlaps longer than
65 bp when considering them for possible combining!)
[FLASH]  
[FLASH] FLASH v2.2.00 complete!
[FLASH] 70.769 seconds elapsed
[FLASH] Finished with 1 warning (see above)
[FLASH] Starting FLASH v2.2.00
[FLASH] Fast Length Adjustment of SHort reads
[FLASH]  
[FLASH] Input files:
[FLASH]     ../data/sra_fastq/ERR6913184_1.fastq.gz
[FLASH]     ../data/sra_fastq/ERR6913184_2.fastq.gz
[FLASH]  
[FLASH] Output files:
[FLASH]     ../data/merged_pairs//ERR6913184.flash.extendedFrags.fastq.gz
[FLASH]     ../data/merged_pairs//ERR6913184.flash.notCombined_1.fastq.gz
[FLASH]     ../data/merged_pairs//ERR6913184.flash.notCombined_2.fastq.gz
[FLASH]     ../data/merged_pairs//ERR6913184.flash.hist
[FLASH]     ../data/merged_pairs//ERR6913184.flash.histogram
[FLASH]  
[FLASH] Parameters:
[FLASH]     Min overlap:           10
[FLASH]     Min overlap outie:     35
[FLASH]     Max overlap:           65
[FLASH]     Max mismatch density:  0.250000
[FLASH]     Allow "outie" pairs:   true
[FLASH]     Cap mismatch quals:    false
[FLASH]     Combiner threads:      2
[FLASH]     Input format:          FASTQ, phred_offset=33
[FLASH]     Output format:         FASTQ, phred_offset=33, gzip
[FLASH]  
[FLASH] Starting reader and writer threads
[FLASH] Starting 2 combiner threads
[FLASH] Processed 25000 read pairs
[FLASH] Processed 50000 read pairs
[FLASH] Processed 75000 read pairs
[FLASH] Processed 100000 read pairs
[FLASH] Processed 125000 read pairs
[FLASH] Processed 150000 read pairs
[FLASH] Processed 175000 read pairs
[FLASH] Processed 200000 read pairs
[FLASH] Processed 225000 read pairs
[FLASH] Processed 250000 read pairs
[FLASH] Processed 275000 read pairs
[FLASH] Processed 300000 read pairs
[FLASH] Processed 325000 read pairs
[FLASH] Processed 350000 read pairs
[FLASH] Processed 375000 read pairs
[FLASH] Processed 400000 read pairs
[FLASH] Processed 425000 read pairs
[FLASH] Processed 450000 read pairs
[FLASH] Processed 475000 read pairs
[FLASH] Processed 500000 read pairs
[FLASH] Processed 525000 read pairs
[FLASH] Processed 550000 read pairs
[FLASH] Processed 575000 read pairs
[FLASH] Processed 600000 read pairs
[FLASH] Processed 625000 read pairs
[FLASH] Processed 650000 read pairs
[FLASH] Processed 675000 read pairs
[FLASH] Processed 700000 read pairs
[FLASH] Processed 725000 read pairs
[FLASH] Processed 750000 read pairs
[FLASH] Processed 775000 read pairs
[FLASH] Processed 800000 read pairs
[FLASH] Processed 825000 read pairs
[FLASH] Processed 850000 read pairs
[FLASH] Processed 875000 read pairs
[FLASH] Processed 900000 read pairs
[FLASH] Processed 925000 read pairs
[FLASH] Processed 950000 read pairs
[FLASH] Processed 957507 read pairs
[FLASH]  
[FLASH] Read combination statistics:
[FLASH]     Total pairs:       957507
[FLASH]     Discarded pairs:   0
[FLASH]     Percent Discarded: 0.00%
[FLASH]     Combined pairs:    597547
[FLASH]         Innie pairs:   596986 (99.91% of combined)
[FLASH]         Outie pairs:   561 (0.09% of combined)
[FLASH]     Uncombined pairs:  359960
[FLASH]     Percent combined:  62.41%
[FLASH]  
[FLASH] Writing histogram files.
[FLASH] WARNING: An unexpectedly high proportion of combined pairs (78.32%)
overlapped by more than 65 bp, the --max-overlap (-M) parameter.  Consider
increasing this parameter.  (As-is, FLASH is penalizing overlaps longer than
65 bp when considering them for possible combining!)
[FLASH]  
[FLASH] FLASH v2.2.00 complete!
[FLASH] 68.786 seconds elapsed
[FLASH] Finished with 1 warning (see above)
[FLASH] Starting FLASH v2.2.00
[FLASH] Fast Length Adjustment of SHort reads
[FLASH]  
[FLASH] Input files:
[FLASH]     ../data/sra_fastq/ERR6913280_1.fastq.gz
[FLASH]     ../data/sra_fastq/ERR6913280_2.fastq.gz
[FLASH]  
[FLASH] Output files:
[FLASH]     ../data/merged_pairs//ERR6913280.flash.extendedFrags.fastq.gz
[FLASH]     ../data/merged_pairs//ERR6913280.flash.notCombined_1.fastq.gz
[FLASH]     ../data/merged_pairs//ERR6913280.flash.notCombined_2.fastq.gz
[FLASH]     ../data/merged_pairs//ERR6913280.flash.hist
[FLASH]     ../data/merged_pairs//ERR6913280.flash.histogram
[FLASH]  
[FLASH] Parameters:
[FLASH]     Min overlap:           10
[FLASH]     Min overlap outie:     35
[FLASH]     Max overlap:           65
[FLASH]     Max mismatch density:  0.250000
[FLASH]     Allow "outie" pairs:   true
[FLASH]     Cap mismatch quals:    false
[FLASH]     Combiner threads:      2
[FLASH]     Input format:          FASTQ, phred_offset=33
[FLASH]     Output format:         FASTQ, phred_offset=33, gzip
[FLASH]  
[FLASH] Starting reader and writer threads
[FLASH] Starting 2 combiner threads
[FLASH] Processed 25000 read pairs
[FLASH] Processed 50000 read pairs
[FLASH] Processed 75000 read pairs
[FLASH] Processed 100000 read pairs
[FLASH] Processed 125000 read pairs
[FLASH] Processed 150000 read pairs
[FLASH] Processed 175000 read pairs
[FLASH] Processed 200000 read pairs
[FLASH] Processed 225000 read pairs
[FLASH] Processed 250000 read pairs
[FLASH] Processed 275000 read pairs
[FLASH] Processed 300000 read pairs
[FLASH] Processed 325000 read pairs
[FLASH] Processed 350000 read pairs
[FLASH] Processed 375000 read pairs
[FLASH] Processed 400000 read pairs
[FLASH] Processed 425000 read pairs
[FLASH] Processed 450000 read pairs
[FLASH] Processed 475000 read pairs
[FLASH] Processed 500000 read pairs
[FLASH] Processed 525000 read pairs
[FLASH] Processed 550000 read pairs
[FLASH] Processed 575000 read pairs
[FLASH] Processed 600000 read pairs
[FLASH] Processed 625000 read pairs
[FLASH] Processed 650000 read pairs
[FLASH] Processed 675000 read pairs
[FLASH] Processed 700000 read pairs
[FLASH] Processed 725000 read pairs
[FLASH] Processed 750000 read pairs
[FLASH] Processed 775000 read pairs
[FLASH] Processed 800000 read pairs
[FLASH] Processed 825000 read pairs
[FLASH] Processed 850000 read pairs
[FLASH] Processed 875000 read pairs
[FLASH] Processed 900000 read pairs
[FLASH] Processed 925000 read pairs
[FLASH] Processed 950000 read pairs
[FLASH] Processed 975000 read pairs
[FLASH] Processed 1000000 read pairs
[FLASH] Processed 1025000 read pairs
[FLASH] Processed 1050000 read pairs
[FLASH] Processed 1075000 read pairs
[FLASH] Processed 1100000 read pairs
[FLASH] Processed 1125000 read pairs
[FLASH] Processed 1150000 read pairs
[FLASH] Processed 1175000 read pairs
[FLASH] Processed 1200000 read pairs
[FLASH] Processed 1225000 read pairs
[FLASH] Processed 1250000 read pairs
[FLASH] Processed 1275000 read pairs
[FLASH] Processed 1300000 read pairs
[FLASH] Processed 1325000 read pairs
[FLASH] Processed 1350000 read pairs
[FLASH] Processed 1375000 read pairs
[FLASH] Processed 1400000 read pairs
[FLASH] Processed 1425000 read pairs
[FLASH] Processed 1450000 read pairs
[FLASH] Processed 1475000 read pairs
[FLASH] Processed 1500000 read pairs
[FLASH] Processed 1509143 read pairs
[FLASH]  
[FLASH] Read combination statistics:
[FLASH]     Total pairs:       1509143
[FLASH]     Discarded pairs:   0
[FLASH]     Percent Discarded: 0.00%
[FLASH]     Combined pairs:    1293753
[FLASH]         Innie pairs:   1292131 (99.87% of combined)
[FLASH]         Outie pairs:   1622 (0.13% of combined)
[FLASH]     Uncombined pairs:  215390
[FLASH]     Percent combined:  85.73%
[FLASH]  
[FLASH] Writing histogram files.
[FLASH] WARNING: An unexpectedly high proportion of combined pairs (85.45%)
overlapped by more than 65 bp, the --max-overlap (-M) parameter.  Consider
increasing this parameter.  (As-is, FLASH is penalizing overlaps longer than
65 bp when considering them for possible combining!)
[FLASH]  
[FLASH] FLASH v2.2.00 complete!
[FLASH] 70.050 seconds elapsed
[FLASH] Finished with 1 warning (see above)
[FLASH] Starting FLASH v2.2.00
[FLASH] Fast Length Adjustment of SHort reads
[FLASH]  
[FLASH] Input files:
[FLASH]     ../data/sra_fastq/ERR6913185_1.fastq.gz
[FLASH]     ../data/sra_fastq/ERR6913185_2.fastq.gz
[FLASH]  
[FLASH] Output files:
[FLASH]     ../data/merged_pairs//ERR6913185.flash.extendedFrags.fastq.gz
[FLASH]     ../data/merged_pairs//ERR6913185.flash.notCombined_1.fastq.gz
[FLASH]     ../data/merged_pairs//ERR6913185.flash.notCombined_2.fastq.gz
[FLASH]     ../data/merged_pairs//ERR6913185.flash.hist
[FLASH]     ../data/merged_pairs//ERR6913185.flash.histogram
[FLASH]  
[FLASH] Parameters:
[FLASH]     Min overlap:           10
[FLASH]     Min overlap outie:     35
[FLASH]     Max overlap:           65
[FLASH]     Max mismatch density:  0.250000
[FLASH]     Allow "outie" pairs:   true
[FLASH]     Cap mismatch quals:    false
[FLASH]     Combiner threads:      2
[FLASH]     Input format:          FASTQ, phred_offset=33
[FLASH]     Output format:         FASTQ, phred_offset=33, gzip
[FLASH]  
[FLASH] Starting reader and writer threads
[FLASH] Starting 2 combiner threads
[FLASH] Processed 25000 read pairs
[FLASH] Processed 50000 read pairs
[FLASH] Processed 75000 read pairs
[FLASH] Processed 87387 read pairs
[FLASH]  
[FLASH] Read combination statistics:
[FLASH]     Total pairs:       87387
[FLASH]     Discarded pairs:   0
[FLASH]     Percent Discarded: 0.00%
[FLASH]     Combined pairs:    61796
[FLASH]         Innie pairs:   61616 (99.71% of combined)
[FLASH]         Outie pairs:   180 (0.29% of combined)
[FLASH]     Uncombined pairs:  25591
[FLASH]     Percent combined:  70.72%
[FLASH]  
[FLASH] Writing histogram files.
[FLASH] WARNING: An unexpectedly high proportion of combined pairs (81.30%)
overlapped by more than 65 bp, the --max-overlap (-M) parameter.  Consider
increasing this parameter.  (As-is, FLASH is penalizing overlaps longer than
65 bp when considering them for possible combining!)
[FLASH]  
[FLASH] FLASH v2.2.00 complete!
[FLASH] 4.664 seconds elapsed
[FLASH] Finished with 1 warning (see above)
[FLASH] Starting FLASH v2.2.00
[FLASH] Fast Length Adjustment of SHort reads
[FLASH]  
[FLASH] Input files:
[FLASH]     ../data/sra_fastq/ERR6913281_1.fastq.gz
[FLASH]     ../data/sra_fastq/ERR6913281_2.fastq.gz
[FLASH]  
[FLASH] Output files:
[FLASH]     ../data/merged_pairs//ERR6913281.flash.extendedFrags.fastq.gz
[FLASH]     ../data/merged_pairs//ERR6913281.flash.notCombined_1.fastq.gz
[FLASH]     ../data/merged_pairs//ERR6913281.flash.notCombined_2.fastq.gz
[FLASH]     ../data/merged_pairs//ERR6913281.flash.hist
[FLASH]     ../data/merged_pairs//ERR6913281.flash.histogram
[FLASH]  
[FLASH] Parameters:
[FLASH]     Min overlap:           10
[FLASH]     Min overlap outie:     35
[FLASH]     Max overlap:           65
[FLASH]     Max mismatch density:  0.250000
[FLASH]     Allow "outie" pairs:   true
[FLASH]     Cap mismatch quals:    false
[FLASH]     Combiner threads:      2
[FLASH]     Input format:          FASTQ, phred_offset=33
[FLASH]     Output format:         FASTQ, phred_offset=33, gzip
[FLASH]  
[FLASH] Starting reader and writer threads
[FLASH] Starting 2 combiner threads
[FLASH] Processed 25000 read pairs
[FLASH] Processed 50000 read pairs
[FLASH] Processed 75000 read pairs
[FLASH] Processed 100000 read pairs
[FLASH] Processed 125000 read pairs
[FLASH] Processed 150000 read pairs
[FLASH] Processed 175000 read pairs
[FLASH] Processed 200000 read pairs
[FLASH] Processed 225000 read pairs
[FLASH] Processed 250000 read pairs
[FLASH] Processed 275000 read pairs
[FLASH] Processed 300000 read pairs
[FLASH] Processed 325000 read pairs
[FLASH] Processed 350000 read pairs
[FLASH] Processed 375000 read pairs
[FLASH] Processed 400000 read pairs
[FLASH] Processed 425000 read pairs
[FLASH] Processed 450000 read pairs
[FLASH] Processed 475000 read pairs
[FLASH] Processed 500000 read pairs
[FLASH] Processed 525000 read pairs
[FLASH] Processed 550000 read pairs
[FLASH] Processed 575000 read pairs
[FLASH] Processed 600000 read pairs
[FLASH] Processed 625000 read pairs
[FLASH] Processed 650000 read pairs
[FLASH] Processed 675000 read pairs
[FLASH] Processed 700000 read pairs
[FLASH] Processed 725000 read pairs
[FLASH] Processed 750000 read pairs
[FLASH] Processed 775000 read pairs
[FLASH] Processed 800000 read pairs
[FLASH] Processed 825000 read pairs
[FLASH] Processed 850000 read pairs
[FLASH] Processed 875000 read pairs
[FLASH] Processed 900000 read pairs
[FLASH] Processed 925000 read pairs
[FLASH] Processed 950000 read pairs
[FLASH] Processed 975000 read pairs
[FLASH] Processed 1000000 read pairs
[FLASH] Processed 1025000 read pairs
[FLASH] Processed 1050000 read pairs
[FLASH] Processed 1075000 read pairs
[FLASH] Processed 1100000 read pairs
[FLASH] Processed 1125000 read pairs
[FLASH] Processed 1150000 read pairs
[FLASH] Processed 1175000 read pairs
[FLASH] Processed 1200000 read pairs
[FLASH] Processed 1225000 read pairs
[FLASH] Processed 1234575 read pairs
[FLASH]  
[FLASH] Read combination statistics:
[FLASH]     Total pairs:       1234575
[FLASH]     Discarded pairs:   0
[FLASH]     Percent Discarded: 0.00%
[FLASH]     Combined pairs:    1078009
[FLASH]         Innie pairs:   1076437 (99.85% of combined)
[FLASH]         Outie pairs:   1572 (0.15% of combined)
[FLASH]     Uncombined pairs:  156566
[FLASH]     Percent combined:  87.32%
[FLASH]  
[FLASH] Writing histogram files.
[FLASH] WARNING: An unexpectedly high proportion of combined pairs (85.79%)
overlapped by more than 65 bp, the --max-overlap (-M) parameter.  Consider
increasing this parameter.  (As-is, FLASH is penalizing overlaps longer than
65 bp when considering them for possible combining!)
[FLASH]  
[FLASH] FLASH v2.2.00 complete!
[FLASH] 58.773 seconds elapsed
[FLASH] Finished with 1 warning (see above)
[FLASH] Starting FLASH v2.2.00
[FLASH] Fast Length Adjustment of SHort reads
[FLASH]  
[FLASH] Input files:
[FLASH]     ../data/sra_fastq/ERR6913186_1.fastq.gz
[FLASH]     ../data/sra_fastq/ERR6913186_2.fastq.gz
[FLASH]  
[FLASH] Output files:
[FLASH]     ../data/merged_pairs//ERR6913186.flash.extendedFrags.fastq.gz
[FLASH]     ../data/merged_pairs//ERR6913186.flash.notCombined_1.fastq.gz
[FLASH]     ../data/merged_pairs//ERR6913186.flash.notCombined_2.fastq.gz
[FLASH]     ../data/merged_pairs//ERR6913186.flash.hist
[FLASH]     ../data/merged_pairs//ERR6913186.flash.histogram
[FLASH]  
[FLASH] Parameters:
[FLASH]     Min overlap:           10
[FLASH]     Min overlap outie:     35
[FLASH]     Max overlap:           65
[FLASH]     Max mismatch density:  0.250000
[FLASH]     Allow "outie" pairs:   true
[FLASH]     Cap mismatch quals:    false
[FLASH]     Combiner threads:      2
[FLASH]     Input format:          FASTQ, phred_offset=33
[FLASH]     Output format:         FASTQ, phred_offset=33, gzip
[FLASH]  
[FLASH] Starting reader and writer threads
[FLASH] Starting 2 combiner threads
[FLASH] Processed 25000 read pairs
[FLASH] Processed 50000 read pairs
[FLASH] Processed 75000 read pairs
[FLASH] Processed 100000 read pairs
[FLASH] Processed 125000 read pairs
[FLASH] Processed 150000 read pairs
[FLASH] Processed 175000 read pairs
[FLASH] Processed 200000 read pairs
[FLASH] Processed 225000 read pairs
[FLASH] Processed 250000 read pairs
[FLASH] Processed 275000 read pairs
[FLASH] Processed 300000 read pairs
[FLASH] Processed 325000 read pairs
[FLASH] Processed 350000 read pairs
[FLASH] Processed 375000 read pairs
[FLASH] Processed 400000 read pairs
[FLASH] Processed 425000 read pairs
[FLASH] Processed 450000 read pairs
[FLASH] Processed 475000 read pairs
[FLASH] Processed 500000 read pairs
[FLASH] Processed 525000 read pairs
[FLASH] Processed 550000 read pairs
[FLASH] Processed 575000 read pairs
[FLASH] Processed 600000 read pairs
[FLASH] Processed 625000 read pairs
[FLASH] Processed 650000 read pairs
[FLASH] Processed 675000 read pairs
[FLASH] Processed 700000 read pairs
[FLASH] Processed 725000 read pairs
[FLASH] Processed 750000 read pairs
[FLASH] Processed 775000 read pairs
[FLASH] Processed 800000 read pairs
[FLASH] Processed 825000 read pairs
[FLASH] Processed 850000 read pairs
[FLASH] Processed 875000 read pairs
[FLASH] Processed 900000 read pairs
[FLASH] Processed 925000 read pairs
[FLASH] Processed 950000 read pairs
[FLASH] Processed 975000 read pairs
[FLASH] Processed 1000000 read pairs
[FLASH] Processed 1025000 read pairs
[FLASH] Processed 1050000 read pairs
[FLASH] Processed 1075000 read pairs
[FLASH] Processed 1100000 read pairs
[FLASH] Processed 1110902 read pairs
[FLASH]  
[FLASH] Read combination statistics:
[FLASH]     Total pairs:       1110902
[FLASH]     Discarded pairs:   0
[FLASH]     Percent Discarded: 0.00%
[FLASH]     Combined pairs:    684546
[FLASH]         Innie pairs:   683818 (99.89% of combined)
[FLASH]         Outie pairs:   728 (0.11% of combined)
[FLASH]     Uncombined pairs:  426356
[FLASH]     Percent combined:  61.62%
[FLASH]  
[FLASH] Writing histogram files.
[FLASH] WARNING: An unexpectedly high proportion of combined pairs (76.30%)
overlapped by more than 65 bp, the --max-overlap (-M) parameter.  Consider
increasing this parameter.  (As-is, FLASH is penalizing overlaps longer than
65 bp when considering them for possible combining!)
[FLASH]  
[FLASH] FLASH v2.2.00 complete!
[FLASH] 59.227 seconds elapsed
[FLASH] Finished with 1 warning (see above)
[FLASH] Starting FLASH v2.2.00
[FLASH] Fast Length Adjustment of SHort reads
[FLASH]  
[FLASH] Input files:
[FLASH]     ../data/sra_fastq/ERR6913282_1.fastq.gz
[FLASH]     ../data/sra_fastq/ERR6913282_2.fastq.gz
[FLASH]  
[FLASH] Output files:
[FLASH]     ../data/merged_pairs//ERR6913282.flash.extendedFrags.fastq.gz
[FLASH]     ../data/merged_pairs//ERR6913282.flash.notCombined_1.fastq.gz
[FLASH]     ../data/merged_pairs//ERR6913282.flash.notCombined_2.fastq.gz
[FLASH]     ../data/merged_pairs//ERR6913282.flash.hist
[FLASH]     ../data/merged_pairs//ERR6913282.flash.histogram
[FLASH]  
[FLASH] Parameters:
[FLASH]     Min overlap:           10
[FLASH]     Min overlap outie:     35
[FLASH]     Max overlap:           65
[FLASH]     Max mismatch density:  0.250000
[FLASH]     Allow "outie" pairs:   true
[FLASH]     Cap mismatch quals:    false
[FLASH]     Combiner threads:      2
[FLASH]     Input format:          FASTQ, phred_offset=33
[FLASH]     Output format:         FASTQ, phred_offset=33, gzip
[FLASH]  
[FLASH] Starting reader and writer threads
[FLASH] Starting 2 combiner threads
[FLASH] Processed 25000 read pairs
[FLASH] Processed 50000 read pairs
[FLASH] Processed 75000 read pairs
[FLASH] Processed 100000 read pairs
[FLASH] Processed 125000 read pairs
[FLASH] Processed 150000 read pairs
[FLASH] Processed 175000 read pairs
[FLASH] Processed 200000 read pairs
[FLASH] Processed 225000 read pairs
[FLASH] Processed 250000 read pairs
[FLASH] Processed 275000 read pairs
[FLASH] Processed 300000 read pairs
[FLASH] Processed 325000 read pairs
[FLASH] Processed 350000 read pairs
[FLASH] Processed 375000 read pairs
[FLASH] Processed 400000 read pairs
[FLASH] Processed 425000 read pairs
[FLASH] Processed 450000 read pairs
[FLASH] Processed 475000 read pairs
[FLASH] Processed 500000 read pairs
[FLASH] Processed 525000 read pairs
[FLASH] Processed 550000 read pairs
[FLASH] Processed 575000 read pairs
[FLASH] Processed 600000 read pairs
[FLASH] Processed 625000 read pairs
[FLASH] Processed 650000 read pairs
[FLASH] Processed 675000 read pairs
[FLASH] Processed 700000 read pairs
[FLASH] Processed 725000 read pairs
[FLASH] Processed 750000 read pairs
[FLASH] Processed 775000 read pairs
[FLASH] Processed 800000 read pairs
[FLASH] Processed 825000 read pairs
[FLASH] Processed 850000 read pairs
[FLASH] Processed 875000 read pairs
[FLASH] Processed 900000 read pairs
[FLASH] Processed 925000 read pairs
[FLASH] Processed 950000 read pairs
[FLASH] Processed 975000 read pairs
[FLASH] Processed 1000000 read pairs
[FLASH] Processed 1025000 read pairs
[FLASH] Processed 1050000 read pairs
[FLASH] Processed 1075000 read pairs
[FLASH] Processed 1100000 read pairs
[FLASH] Processed 1125000 read pairs
[FLASH] Processed 1150000 read pairs
[FLASH] Processed 1175000 read pairs
[FLASH] Processed 1200000 read pairs
[FLASH] Processed 1225000 read pairs
[FLASH] Processed 1250000 read pairs
[FLASH] Processed 1275000 read pairs
[FLASH] Processed 1300000 read pairs
[FLASH] Processed 1325000 read pairs
[FLASH] Processed 1350000 read pairs
[FLASH] Processed 1352872 read pairs
[FLASH]  
[FLASH] Read combination statistics:
[FLASH]     Total pairs:       1352872
[FLASH]     Discarded pairs:   0
[FLASH]     Percent Discarded: 0.00%
[FLASH]     Combined pairs:    1253999
[FLASH]         Innie pairs:   1251778 (99.82% of combined)
[FLASH]         Outie pairs:   2221 (0.18% of combined)
[FLASH]     Uncombined pairs:  98873
[FLASH]     Percent combined:  92.69%
[FLASH]  
[FLASH] Writing histogram files.
[FLASH] WARNING: An unexpectedly high proportion of combined pairs (91.25%)
overlapped by more than 65 bp, the --max-overlap (-M) parameter.  Consider
increasing this parameter.  (As-is, FLASH is penalizing overlaps longer than
65 bp when considering them for possible combining!)
[FLASH]  
[FLASH] FLASH v2.2.00 complete!
[FLASH] 61.858 seconds elapsed
[FLASH] Finished with 1 warning (see above)
